Error before Pig is launched
----------------------------
ERROR 2997: Encountered IOException. org.apache.pig.tools.parameters.ParameterSubstitutionException: Undefined parameter : origin_table

java.io.IOException: org.apache.pig.tools.parameters.ParameterSubstitutionException: Undefined parameter : origin_table
	at org.apache.pig.impl.PigContext.doParamSubstitution(PigContext.java:414)
	at org.apache.pig.Main.runParamPreprocessor(Main.java:810)
	at org.apache.pig.Main.run(Main.java:588)
	at org.apache.pig.Main.main(Main.java:170)
	at sun.reflect.NativeMethodAccessorImpl.invoke0(Native Method)
	at sun.reflect.NativeMethodAccessorImpl.invoke(NativeMethodAccessorImpl.java:57)
	at sun.reflect.DelegatingMethodAccessorImpl.invoke(DelegatingMethodAccessorImpl.java:43)
	at java.lang.reflect.Method.invoke(Method.java:606)
	at org.apache.hadoop.util.RunJar.main(RunJar.java:160)
Caused by: org.apache.pig.tools.parameters.ParameterSubstitutionException: Undefined parameter : origin_table
	at org.apache.pig.tools.parameters.PreprocessorContext.substitute(PreprocessorContext.java:355)
	at org.apache.pig.tools.parameters.PreprocessorContext.substitute(PreprocessorContext.java:303)
	at org.apache.pig.tools.parameters.PigFileParser.input(PigFileParser.java:67)
	at org.apache.pig.tools.parameters.PigFileParser.Parse(PigFileParser.java:43)
	at org.apache.pig.tools.parameters.ParameterSubstitutionPreprocessor.parsePigFile(ParameterSubstitutionPreprocessor.java:95)
	at org.apache.pig.tools.parameters.ParameterSubstitutionPreprocessor.genSubstitutedFile(ParameterSubstitutionPreprocessor.java:76)
	at org.apache.pig.impl.PigContext.doParamSubstitution(PigContext.java:410)
	... 8 more
================================================================================
